c:\users\nicho\onedrive\documents\programming 2\data structures\unsorted list\unsorted list\unsorted list\x64\debug\vc143.pdb
c:\users\nicho\onedrive\documents\programming 2\data structures\unsorted list\unsorted list\unsorted list\x64\debug\vc143.idb
c:\users\nicho\onedrive\documents\programming 2\data structures\unsorted list\unsorted list\unsorted list\x64\debug\unsorted list.obj
c:\users\nicho\onedrive\documents\programming 2\data structures\unsorted list\unsorted list\unsorted list\x64\debug\studentlist.obj
c:\users\nicho\onedrive\documents\programming 2\data structures\unsorted list\unsorted list\unsorted list\x64\debug\student.obj
c:\users\nicho\onedrive\documents\programming 2\data structures\unsorted list\unsorted list\unsorted list\x64\debug\test.obj
c:\users\nicho\onedrive\documents\programming 2\data structures\unsorted list\unsorted list\x64\debug\unsorted list.exe
c:\users\nicho\onedrive\documents\programming 2\data structures\unsorted list\unsorted list\x64\debug\unsorted list.pdb
c:\users\nicho\onedrive\documents\programming 2\data structures\unsorted list\unsorted list\unsorted list\x64\debug\unsorted list.ilk
c:\users\nicho\onedrive\documents\programming 2\data structures\unsorted list\unsorted list\unsorted list\x64\debug\unsorted list.tlog\cl.command.1.tlog
c:\users\nicho\onedrive\documents\programming 2\data structures\unsorted list\unsorted list\unsorted list\x64\debug\unsorted list.tlog\cl.items.tlog
c:\users\nicho\onedrive\documents\programming 2\data structures\unsorted list\unsorted list\unsorted list\x64\debug\unsorted list.tlog\cl.read.1.tlog
c:\users\nicho\onedrive\documents\programming 2\data structures\unsorted list\unsorted list\unsorted list\x64\debug\unsorted list.tlog\cl.write.1.tlog
c:\users\nicho\onedrive\documents\programming 2\data structures\unsorted list\unsorted list\unsorted list\x64\debug\unsorted list.tlog\link.10724-cvtres.read.1.tlog
c:\users\nicho\onedrive\documents\programming 2\data structures\unsorted list\unsorted list\unsorted list\x64\debug\unsorted list.tlog\link.10724-cvtres.write.1.tlog
c:\users\nicho\onedrive\documents\programming 2\data structures\unsorted list\unsorted list\unsorted list\x64\debug\unsorted list.tlog\link.10724-rc.read.1.tlog
c:\users\nicho\onedrive\documents\programming 2\data structures\unsorted list\unsorted list\unsorted list\x64\debug\unsorted list.tlog\link.10724-rc.write.1.tlog
c:\users\nicho\onedrive\documents\programming 2\data structures\unsorted list\unsorted list\unsorted list\x64\debug\unsorted list.tlog\link.10724.read.1.tlog
c:\users\nicho\onedrive\documents\programming 2\data structures\unsorted list\unsorted list\unsorted list\x64\debug\unsorted list.tlog\link.10724.read.2.tlog
c:\users\nicho\onedrive\documents\programming 2\data structures\unsorted list\unsorted list\unsorted list\x64\debug\unsorted list.tlog\link.10724.write.1.tlog
c:\users\nicho\onedrive\documents\programming 2\data structures\unsorted list\unsorted list\unsorted list\x64\debug\unsorted list.tlog\link.command.1.tlog
c:\users\nicho\onedrive\documents\programming 2\data structures\unsorted list\unsorted list\unsorted list\x64\debug\unsorted list.tlog\link.read.1.tlog
c:\users\nicho\onedrive\documents\programming 2\data structures\unsorted list\unsorted list\unsorted list\x64\debug\unsorted list.tlog\link.secondary.1.tlog
c:\users\nicho\onedrive\documents\programming 2\data structures\unsorted list\unsorted list\unsorted list\x64\debug\unsorted list.tlog\link.write.1.tlog
